<?xml version="1.0" encoding="UTF-8"?>
<testsuite xmlns:xsi="http://www.w3.org/2001/XMLSchema-instance" xsi:noNamespaceSchemaLocation="https://maven.apache.org/surefire/maven-surefire-plugin/xsd/surefire-test-report-3.0.xsd" version="3.0" name="testrunners.TestRunner" time="21.998" tests="2" errors="2" skipped="0" failures="0">
  <properties>
[...]
</properties>
  <testcase name="As a Customer I want to find a desired box and add it to the chart" classname="Smartbox Adding Gift to Chart" time="11.428">
    <error message="element click intercepted: Element &lt;a href=&quot;https://www.smartbox.com/ie/checkout/cart/index/id/14271/&quot; class=&quot;button primary no-margin-bottom&quot;&gt;...&lt;/a&gt; is not clickable at point (955, 340). Other element would receive the click: &lt;div class=&quot;row &quot;&gt;...&lt;/div&gt;&#10;  (Session info: chrome=90.0.4430.93)&#10;Build info: version: &apos;3.141.59&apos;, revision: &apos;e82be7d358&apos;, time: &apos;2018-11-14T08:17:03&apos;&#10;System info: host: &apos;LAPTOP-JQK6IIEI&apos;, ip: &apos;192.168.0.199&apos;, os.name: &apos;Windows 10&apos;, os.arch: &apos;amd64&apos;, os.version: &apos;10.0&apos;, java.version: &apos;15.0.2&apos;&#10;Driver info: org.openqa.selenium.chrome.ChromeDriver&#10;Capabilities {acceptInsecureCerts: false, browserName: chrome, browserVersion: 90.0.4430.93, chrome: {chromedriverVersion: 90.0.4430.24 (4c6d850f087da..., userDataDir: C:\Users\agata\AppData\Loca...}, goog:chromeOptions: {debuggerAddress: localhost:52977}, javascriptEnabled: true, networkConnectionEnabled: false, pageLoadStrategy: normal, platform: WINDOWS, platformName: WINDOWS, proxy: Proxy(), setWindowRect: true, strictFileInteractability: false, timeouts: {implicit: 0, pageLoad: 300000, script: 30000}, unhandledPromptBehavior: dismiss and notify, webauthn:extension:largeBlob: true, webauthn:virtualAuthenticators: true}&#10;Session ID: a1110e06cfd8c689e879def9ca1dec96" type="org.openqa.selenium.ElementClickInterceptedException"><![CDATA[org.openqa.selenium.ElementClickInterceptedException: 
element click intercepted: Element <a href="https://www.smartbox.com/ie/checkout/cart/index/id/14271/" class="button primary no-margin-bottom">...</a> is not clickable at point (955, 340). Other element would receive the click: <div class="row ">...</div>
  (Session info: chrome=90.0.4430.93)
Build info: version: '3.141.59', revision: 'e82be7d358', time: '2018-11-14T08:17:03'
System info: host: 'LAPTOP-JQK6IIEI', ip: '192.168.0.199', os.name: 'Windows 10', os.arch: 'amd64', os.version: '10.0', java.version: '15.0.2'
Driver info: org.openqa.selenium.chrome.ChromeDriver
Capabilities {acceptInsecureCerts: false, browserName: chrome, browserVersion: 90.0.4430.93, chrome: {chromedriverVersion: 90.0.4430.24 (4c6d850f087da..., userDataDir: C:\Users\agata\AppData\Loca...}, goog:chromeOptions: {debuggerAddress: localhost:52977}, javascriptEnabled: true, networkConnectionEnabled: false, pageLoadStrategy: normal, platform: WINDOWS, platformName: WINDOWS, proxy: Proxy(), setWindowRect: true, strictFileInteractability: false, timeouts: {implicit: 0, pageLoad: 300000, script: 30000}, unhandledPromptBehavior: dismiss and notify, webauthn:extension:largeBlob: true, webauthn:virtualAuthenticators: true}
Session ID: a1110e06cfd8c689e879def9ca1dec96
]]></error>
    <system-out><![CDATA[
Scenario: As a Customer I want to find a desired box and add it to the chart                  &amp#27;[90m# src/test/resources/applicationFeature/AddABoxToChart.feature:2&amp#27;[0m
browser value is chrome
  &amp#27;[32mGiven &amp#27;[0m&amp#27;[32mI am navigated to Smartbox website&amp#27;[0m                                                    &amp#27;[90m# stepdefinitions.HomePageSteps.i_am_navigated_to_Smartbox_website()&amp#27;[0m
  &amp#27;[32mWhen &amp#27;[0m&amp#27;[32mI am on the home page &amp#27;[0m&amp#27;[32m&amp#27;[1m"Smartbox Ireland - Experience Gifts for all Occasions"&amp#27;[0m          &amp#27;[90m# stepdefinitions.HomePageSteps.i_select_to_Our_popular_box_section(java.lang.String)&amp#27;[0m
  &amp#27;[32mWhen &amp#27;[0m&amp#27;[32mI choose desired box&amp#27;[0m                                                                   &amp#27;[90m# stepdefinitions.HomePageSteps.i_choose_desired_box()&amp#27;[0m
Home Page title is Gift Box Pamper Treats - Smartbox
  &amp#27;[32mAnd &amp#27;[0m&amp#27;[32mI click on Add To Chart button on page &amp#27;[0m&amp#27;[32m&amp#27;[1m"Gift Box Pamper Treats - Smartbox"&amp#27;[0m              &amp#27;[90m# stepdefinitions.ProductDetailsSteps.i_click_on_Add_To_Chart_button(java.lang.String)&amp#27;[0m
  &amp#27;[31mAnd &amp#27;[0m&amp#27;[31mI accept Add To Chart pop up&amp#27;[0m                                                            &amp#27;[90m# stepdefinitions.ProductDetailsSteps.i_accept_Add_To_Chart_pop_up()&amp#27;[0m
      &amp#27;[31morg.openqa.selenium.ElementClickInterceptedException: element click intercepted: Element <a href="https://www.smartbox.com/ie/checkout/cart/index/id/14271/" class="button primary no-margin-bottom">...</a> is not clickable at point (955, 340). Other element would receive the click: <div class="row ">...</div>
  (Session info: chrome=90.0.4430.93)
Build info: version: '3.141.59', revision: 'e82be7d358', time: '2018-11-14T08:17:03'
System info: host: 'LAPTOP-JQK6IIEI', ip: '192.168.0.199', os.name: 'Windows 10', os.arch: 'amd64', os.version: '10.0', java.version: '15.0.2'
Driver info: org.openqa.selenium.chrome.ChromeDriver
Capabilities {acceptInsecureCerts: false, browserName: chrome, browserVersion: 90.0.4430.93, chrome: {chromedriverVersion: 90.0.4430.24 (4c6d850f087da..., userDataDir: C:\Users\agata\AppData\Loca...}, goog:chromeOptions: {debuggerAddress: localhost:52977}, javascriptEnabled: true, networkConnectionEnabled: false, pageLoadStrategy: normal, platform: WINDOWS, platformName: WINDOWS, proxy: Proxy(), setWindowRect: true, strictFileInteractability: false, timeouts: {implicit: 0, pageLoad: 300000, script: 30000}, unhandledPromptBehavior: dismiss and notify, webauthn:extension:largeBlob: true, webauthn:virtualAuthenticators: true}
Session ID: a1110e06cfd8c689e879def9ca1dec96
	at java.base/jdk.internal.reflect.NativeConstructorAccessorImpl.newInstance0(Native Method)
	at java.base/jdk.internal.reflect.NativeConstructorAccessorImpl.newInstance(NativeConstructorAccessorImpl.java:64)
	at java.base/jdk.internal.reflect.DelegatingConstructorAccessorImpl.newInstance(DelegatingConstructorAccessorImpl.java:45)
	at java.base/java.lang.reflect.Constructor.newInstanceWithCaller(Constructor.java:500)
	at java.base/java.lang.reflect.Constructor.newInstance(Constructor.java:481)
	at org.openqa.selenium.remote.http.W3CHttpResponseCodec.createException(W3CHttpResponseCodec.java:187)
	at org.openqa.selenium.remote.http.W3CHttpResponseCodec.decode(W3CHttpResponseCodec.java:122)
	at org.openqa.selenium.remote.http.W3CHttpResponseCodec.decode(W3CHttpResponseCodec.java:49)
	at org.openqa.selenium.remote.HttpCommandExecutor.execute(HttpCommandExecutor.java:158)
	at org.openqa.selenium.remote.service.DriverCommandExecutor.execute(DriverCommandExecutor.java:83)
	at org.openqa.selenium.remote.RemoteWebDriver.execute(RemoteWebDriver.java:552)
	at org.openqa.selenium.remote.RemoteWebElement.execute(RemoteWebElement.java:285)
	at org.openqa.selenium.remote.RemoteWebElement.click(RemoteWebElement.java:84)
	at com.pages.ProductDetailsPage.clickgoToCartButton(ProductDetailsPage.java:42)
	at stepdefinitions.ProductDetailsSteps.i_accept_Add_To_Chart_pop_up(ProductDetailsSteps.java:35)
	at ?.I accept Add To Chart pop up(file:///C:/Code_WizdomQA/SmartBoxFramework/src/test/resources/applicationFeature/AddABoxToChart.feature:7)
&amp#27;[0m
  &amp#27;[36mThen &amp#27;[0m&amp#27;[36mI should be able to place my order on page &amp#27;[0m&amp#27;[36m&amp#27;[1m"Original gift boxes for anyone - Smartbox"&amp#27;[0m &amp#27;[90m# stepdefinitions.ChartPageSteps.i_should_be_able_to_place_my_order(java.lang.String)&amp#27;[0m
]]></system-out>
    <system-err><![CDATA[May 09, 2021 3:20:51 P.M. io.cucumber.junit.Cucumber <init>
WARNING: By default Cucumber is running in --non-strict mode.
This default will change to --strict and --non-strict will be removed.
You can use --strict or @CucumberOptions(strict = true) to suppress this warning
SLF4J: Failed to load class "org.slf4j.impl.StaticLoggerBinder".
SLF4J: Defaulting to no-operation (NOP) logger implementation
SLF4J: See http://www.slf4j.org/codes.html#StaticLoggerBinder for further details.
Starting ChromeDriver 90.0.4430.24 (4c6d850f087da467d926e8eddb76550aed655991-refs/branch-heads/4430@{#429}) on port 46596
Only local connections are allowed.
Please see https://chromedriver.chromium.org/security-considerations for suggestions on keeping ChromeDriver safe.
ChromeDriver was started successfully.
May 09, 2021 3:20:54 P.M. org.openqa.selenium.remote.ProtocolHandshake createSession
INFO: Detected dialect: W3C
]]></system-err>
  </testcase>
  <testcase name="As a Customer I want to find desired boxes and add it to the chart" classname="Smartbox Adding Gift to Chart" time="9.886">
    <error message="element click intercepted: Element &lt;a href=&quot;javascript:void(0)&quot; class=&quot;button no-margin-bottom close-reveal-modal close-reveal-modal--no-style&quot;&gt;...&lt;/a&gt; is not clickable at point (749, 338). Other element would receive the click: &lt;div class=&quot;row &quot;&gt;...&lt;/div&gt;&#10;  (Session info: chrome=90.0.4430.93)&#10;Build info: version: &apos;3.141.59&apos;, revision: &apos;e82be7d358&apos;, time: &apos;2018-11-14T08:17:03&apos;&#10;System info: host: &apos;LAPTOP-JQK6IIEI&apos;, ip: &apos;192.168.0.199&apos;, os.name: &apos;Windows 10&apos;, os.arch: &apos;amd64&apos;, os.version: &apos;10.0&apos;, java.version: &apos;15.0.2&apos;&#10;Driver info: org.openqa.selenium.chrome.ChromeDriver&#10;Capabilities {acceptInsecureCerts: false, browserName: chrome, browserVersion: 90.0.4430.93, chrome: {chromedriverVersion: 90.0.4430.24 (4c6d850f087da..., userDataDir: C:\Users\agata\AppData\Loca...}, goog:chromeOptions: {debuggerAddress: localhost:53040}, javascriptEnabled: true, networkConnectionEnabled: false, pageLoadStrategy: normal, platform: WINDOWS, platformName: WINDOWS, proxy: Proxy(), setWindowRect: true, strictFileInteractability: false, timeouts: {implicit: 0, pageLoad: 300000, script: 30000}, unhandledPromptBehavior: dismiss and notify, webauthn:extension:largeBlob: true, webauthn:virtualAuthenticators: true}&#10;Session ID: aed5db846e7ff961e60f4bf89c8719be" type="org.openqa.selenium.ElementClickInterceptedException"><![CDATA[org.openqa.selenium.ElementClickInterceptedException: 
element click intercepted: Element <a href="javascript:void(0)" class="button no-margin-bottom close-reveal-modal close-reveal-modal--no-style">...</a> is not clickable at point (749, 338). Other element would receive the click: <div class="row ">...</div>
  (Session info: chrome=90.0.4430.93)
Build info: version: '3.141.59', revision: 'e82be7d358', time: '2018-11-14T08:17:03'
System info: host: 'LAPTOP-JQK6IIEI', ip: '192.168.0.199', os.name: 'Windows 10', os.arch: 'amd64', os.version: '10.0', java.version: '15.0.2'
Driver info: org.openqa.selenium.chrome.ChromeDriver
Capabilities {acceptInsecureCerts: false, browserName: chrome, browserVersion: 90.0.4430.93, chrome: {chromedriverVersion: 90.0.4430.24 (4c6d850f087da..., userDataDir: C:\Users\agata\AppData\Loca...}, goog:chromeOptions: {debuggerAddress: localhost:53040}, javascriptEnabled: true, networkConnectionEnabled: false, pageLoadStrategy: normal, platform: WINDOWS, platformName: WINDOWS, proxy: Proxy(), setWindowRect: true, strictFileInteractability: false, timeouts: {implicit: 0, pageLoad: 300000, script: 30000}, unhandledPromptBehavior: dismiss and notify, webauthn:extension:largeBlob: true, webauthn:virtualAuthenticators: true}
Session ID: aed5db846e7ff961e60f4bf89c8719be
]]></error>
    <system-out><![CDATA[
Scenario: As a Customer I want to find desired boxes and add it to the chart                  &amp#27;[90m# src/test/resources/applicationFeature/AddABoxToChart.feature:10&amp#27;[0m
browser value is chrome
  &amp#27;[32mGiven &amp#27;[0m&amp#27;[32mI am navigated to Smartbox website&amp#27;[0m                                                    &amp#27;[90m# stepdefinitions.HomePageSteps.i_am_navigated_to_Smartbox_website()&amp#27;[0m
  &amp#27;[32mWhen &amp#27;[0m&amp#27;[32mI am on the home page &amp#27;[0m&amp#27;[32m&amp#27;[1m"Smartbox Ireland - Experience Gifts for all Occasions"&amp#27;[0m          &amp#27;[90m# stepdefinitions.HomePageSteps.i_select_to_Our_popular_box_section(java.lang.String)&amp#27;[0m
  &amp#27;[32mWhen &amp#27;[0m&amp#27;[32mI choose desired box&amp#27;[0m                                                                   &amp#27;[90m# stepdefinitions.HomePageSteps.i_choose_desired_box()&amp#27;[0m
Home Page title is Gift Box Pamper Treats - Smartbox
  &amp#27;[32mAnd &amp#27;[0m&amp#27;[32mI click on Add To Chart button on page &amp#27;[0m&amp#27;[32m&amp#27;[1m"Gift Box Pamper Treats - Smartbox"&amp#27;[0m              &amp#27;[90m# stepdefinitions.ProductDetailsSteps.i_click_on_Add_To_Chart_button(java.lang.String)&amp#27;[0m
  &amp#27;[31mWhen &amp#27;[0m&amp#27;[31mI decide to Continue Shopping&amp#27;[0m                                                          &amp#27;[90m# stepdefinitions.ProductDetailsSteps.i_decide_to_Continue_Shopping()&amp#27;[0m
      &amp#27;[31morg.openqa.selenium.ElementClickInterceptedException: element click intercepted: Element <a href="javascript:void(0)" class="button no-margin-bottom close-reveal-modal close-reveal-modal--no-style">...</a> is not clickable at point (749, 338). Other element would receive the click: <div class="row ">...</div>
  (Session info: chrome=90.0.4430.93)
Build info: version: '3.141.59', revision: 'e82be7d358', time: '2018-11-14T08:17:03'
System info: host: 'LAPTOP-JQK6IIEI', ip: '192.168.0.199', os.name: 'Windows 10', os.arch: 'amd64', os.version: '10.0', java.version: '15.0.2'
Driver info: org.openqa.selenium.chrome.ChromeDriver
Capabilities {acceptInsecureCerts: false, browserName: chrome, browserVersion: 90.0.4430.93, chrome: {chromedriverVersion: 90.0.4430.24 (4c6d850f087da..., userDataDir: C:\Users\agata\AppData\Loca...}, goog:chromeOptions: {debuggerAddress: localhost:53040}, javascriptEnabled: true, networkConnectionEnabled: false, pageLoadStrategy: normal, platform: WINDOWS, platformName: WINDOWS, proxy: Proxy(), setWindowRect: true, strictFileInteractability: false, timeouts: {implicit: 0, pageLoad: 300000, script: 30000}, unhandledPromptBehavior: dismiss and notify, webauthn:extension:largeBlob: true, webauthn:virtualAuthenticators: true}
Session ID: aed5db846e7ff961e60f4bf89c8719be
	at java.base/jdk.internal.reflect.NativeConstructorAccessorImpl.newInstance0(Native Method)
	at java.base/jdk.internal.reflect.NativeConstructorAccessorImpl.newInstance(NativeConstructorAccessorImpl.java:64)
	at java.base/jdk.internal.reflect.DelegatingConstructorAccessorImpl.newInstance(DelegatingConstructorAccessorImpl.java:45)
	at java.base/java.lang.reflect.Constructor.newInstanceWithCaller(Constructor.java:500)
	at java.base/java.lang.reflect.Constructor.newInstance(Constructor.java:481)
	at org.openqa.selenium.remote.http.W3CHttpResponseCodec.createException(W3CHttpResponseCodec.java:187)
	at org.openqa.selenium.remote.http.W3CHttpResponseCodec.decode(W3CHttpResponseCodec.java:122)
	at org.openqa.selenium.remote.http.W3CHttpResponseCodec.decode(W3CHttpResponseCodec.java:49)
	at org.openqa.selenium.remote.HttpCommandExecutor.execute(HttpCommandExecutor.java:158)
	at org.openqa.selenium.remote.service.DriverCommandExecutor.execute(DriverCommandExecutor.java:83)
	at org.openqa.selenium.remote.RemoteWebDriver.execute(RemoteWebDriver.java:552)
	at org.openqa.selenium.remote.RemoteWebElement.execute(RemoteWebElement.java:285)
	at org.openqa.selenium.remote.RemoteWebElement.click(RemoteWebElement.java:84)
	at com.pages.ProductDetailsPage.clickContinueShoppingButton(ProductDetailsPage.java:38)
	at stepdefinitions.ProductDetailsSteps.i_decide_to_Continue_Shopping(ProductDetailsSteps.java:46)
	at ?.I decide to Continue Shopping(file:///C:/Code_WizdomQA/SmartBoxFramework/src/test/resources/applicationFeature/AddABoxToChart.feature:15)
&amp#27;[0m
  &amp#27;[36mAnd &amp#27;[0m&amp#27;[36mI choose desired box2&amp#27;[0m                                                                   &amp#27;[90m# stepdefinitions.HomePageSteps.i_choose_desired_box2()&amp#27;[0m
  &amp#27;[36mAnd &amp#27;[0m&amp#27;[36mI click on Add To Chart button on page&amp#27;[0m                                                  &amp#27;[90m# stepdefinitions.ProductDetailsSteps.i_click_on_Add_To_Chart_button_on_page()&amp#27;[0m
  &amp#27;[36mAnd &amp#27;[0m&amp#27;[36mI accept Add To Chart pop up&amp#27;[0m                                                            &amp#27;[90m# stepdefinitions.ProductDetailsSteps.i_accept_Add_To_Chart_pop_up()&amp#27;[0m
  &amp#27;[36mThen &amp#27;[0m&amp#27;[36mI should be able to place my order on page &amp#27;[0m&amp#27;[36m&amp#27;[1m"Original gift boxes for anyone - Smartbox"&amp#27;[0m &amp#27;[90m# stepdefinitions.ChartPageSteps.i_should_be_able_to_place_my_order(java.lang.String)&amp#27;[0m
]]></system-out>
    <system-err><![CDATA[Starting ChromeDriver 90.0.4430.24 (4c6d850f087da467d926e8eddb76550aed655991-refs/branch-heads/4430@{#429}) on port 16598
Only local connections are allowed.
Please see https://chromedriver.chromium.org/security-considerations for suggestions on keeping ChromeDriver safe.
ChromeDriver was started successfully.
May 09, 2021 3:21:04 P.M. org.openqa.selenium.remote.ProtocolHandshake createSession
INFO: Detected dialect: W3C
]]></system-err>
  </testcase>
</testsuite>